<?xml version="1.0" encoding="UTF-8"?>
<testsuite xmlns:xsi="http://www.w3.org/2001/XMLSchema-instance" xsi:noNamespaceSchemaLocation="https://maven.apache.org/surefire/maven-surefire-plugin/xsd/surefire-test-report.xsd" version="3.0.2" name="com.noxtec.spring_app.controller.ContatoControllerTest" time="7.258" tests="7" errors="0" skipped="0" failures="0">
  <properties>
[...]
</properties>
  <testcase name="testDeleteContato" classname="com.noxtec.spring_app.controller.ContatoControllerTest" time="0.557">
    <system-out><![CDATA[13:42:54.554 [main] INFO org.testcontainers.images.PullPolicy -- Image pull policy will be performed by: DefaultPullPolicy()
13:42:54.557 [main] INFO org.testcontainers.utility.ImageNameSubstitutor -- Image name substitution will be performed by: DefaultImageNameSubstitutor (composite of 'ConfigurationFileImageNameSubstitutor' and 'PrefixingImageNameSubstitutor')
13:42:54.569 [main] INFO org.testcontainers.DockerClientFactory -- Testcontainers version: 1.20.4
13:42:54.651 [main] INFO org.testcontainers.dockerclient.DockerClientProviderStrategy -- Loaded org.testcontainers.dockerclient.UnixSocketClientProviderStrategy from ~/.testcontainers.properties, will try it first
13:42:54.789 [main] INFO org.testcontainers.dockerclient.DockerClientProviderStrategy -- Found Docker environment with local Unix socket (unix:///var/run/docker.sock)
13:42:54.790 [main] INFO org.testcontainers.DockerClientFactory -- Docker host IP address is localhost
13:42:54.800 [main] INFO org.testcontainers.DockerClientFactory -- Connected to docker: 
  Server Version: 27.5.1
  API Version: 1.47
  Operating System: Linux Mint 22.1
  Total Memory: 15696 MB
13:42:54.812 [main] INFO tc.testcontainers/ryuk:0.11.0 -- Creating container for image: testcontainers/ryuk:0.11.0
13:42:54.815 [main] INFO org.testcontainers.utility.RegistryAuthLocator -- Failure when attempting to lookup auth config. Please ignore if you don't have images in an authenticated registry. Details: (dockerImageName: testcontainers/ryuk:0.11.0, configFile: /root/.docker/config.json, configEnv: DOCKER_AUTH_CONFIG). Falling back to docker-java default behaviour. Exception message: Status 404: No config supplied. Checked in order: /root/.docker/config.json (file not found), DOCKER_AUTH_CONFIG (not set)
13:42:54.911 [main] INFO tc.testcontainers/ryuk:0.11.0 -- Container testcontainers/ryuk:0.11.0 is starting: eb2414f8f96f1bf765720646fc8d391b7f18092f2e79ba84a47ef51c5b15ce53
13:42:55.112 [main] INFO tc.testcontainers/ryuk:0.11.0 -- Container testcontainers/ryuk:0.11.0 started in PT0.300282225S
13:42:55.116 [main] INFO org.testcontainers.utility.RyukResourceReaper -- Ryuk started - will monitor and terminate Testcontainers containers on JVM exit
13:42:55.116 [main] INFO org.testcontainers.DockerClientFactory -- Checking the system...
13:42:55.117 [main] INFO org.testcontainers.DockerClientFactory -- ✔︎ Docker server version should be at least 1.6.0
13:42:55.117 [main] INFO tc.postgres:latest -- Creating container for image: postgres:latest
13:42:55.153 [main] INFO tc.postgres:latest -- Container postgres:latest is starting: a6f212cafc8f30a22571681a1eed0621b92c09448147e223b0f0cd96103f3d1d
13:42:56.567 [main] INFO tc.postgres:latest -- Container postgres:latest started in PT1.449610831S
13:42:56.568 [main] INFO tc.postgres:latest -- Container is started (JDBC URL: jdbc:postgresql://localhost:32787/desafio?loggerLevel=OFF)
13:42:56.613 [main] INFO org.springframework.test.context.support.AnnotationConfigContextLoaderUtils -- Could not detect default configuration classes for test class [com.noxtec.spring_app.controller.ContatoControllerTest]: ContatoControllerTest does not declare any static, non-private, non-final, nested classes annotated with @Configuration.
13:42:56.696 [main] INFO org.springframework.boot.test.context.SpringBootTestContextBootstrapper -- Found @SpringBootConfiguration com.noxtec.spring_app.SpringAppApplication for test class com.noxtec.spring_app.controller.ContatoControllerTest
13:42:56.777 [main] INFO org.springframework.boot.devtools.restart.RestartApplicationListener -- Restart disabled due to context in which it is running

  .   ____          _            __ _ _
 /\\ / ___'_ __ _ _(_)_ __  __ _ \ \ \ \
( ( )\___ | '_ | '_| | '_ \/ _` | \ \ \ \
 \\/  ___)| |_)| | | | | || (_| |  ) ) ) )
  '  |____| .__|_| |_|_| |_\__, | / / / /
 =========|_|==============|___/=/_/_/_/

 :: Spring Boot ::                (v3.4.2)

2025-02-12T13:42:56.988-03:00  INFO 107217 --- [spring-app] [           main] c.n.s.controller.ContatoControllerTest   : Starting ContatoControllerTest using Java 17.0.14 with PID 107217 (started by root in /home/joao/sistema-agendamento-tele/spring-app)
2025-02-12T13:42:56.988-03:00  INFO 107217 --- [spring-app] [           main] c.n.s.controller.ContatoControllerTest   : No active profile set, falling back to 1 default profile: "default"
2025-02-12T13:42:57.438-03:00  INFO 107217 --- [spring-app] [           main] .s.d.r.c.RepositoryConfigurationDelegate : Bootstrapping Spring Data JPA repositories in DEFAULT mode.
2025-02-12T13:42:57.476-03:00  INFO 107217 --- [spring-app] [           main] .s.d.r.c.RepositoryConfigurationDelegate : Finished Spring Data repository scanning in 30 ms. Found 2 JPA repository interfaces.
2025-02-12T13:42:57.793-03:00  INFO 107217 --- [spring-app] [           main] o.hibernate.jpa.internal.util.LogHelper  : HHH000204: Processing PersistenceUnitInfo [name: default]
2025-02-12T13:42:57.819-03:00  INFO 107217 --- [spring-app] [           main] org.hibernate.Version                    : HHH000412: Hibernate ORM core version 6.6.5.Final
2025-02-12T13:42:57.836-03:00  INFO 107217 --- [spring-app] [           main] o.h.c.internal.RegionFactoryInitiator    : HHH000026: Second-level cache disabled
2025-02-12T13:42:57.963-03:00  INFO 107217 --- [spring-app] [           main] o.s.o.j.p.SpringPersistenceUnitInfo      : No LoadTimeWeaver setup: ignoring JPA class transformer
2025-02-12T13:42:57.982-03:00  INFO 107217 --- [spring-app] [           main] com.zaxxer.hikari.HikariDataSource       : HikariPool-1 - Starting...
2025-02-12T13:42:58.067-03:00  INFO 107217 --- [spring-app] [           main] com.zaxxer.hikari.pool.HikariPool        : HikariPool-1 - Added connection org.postgresql.jdbc.PgConnection@1f013047
2025-02-12T13:42:58.068-03:00  INFO 107217 --- [spring-app] [           main] com.zaxxer.hikari.HikariDataSource       : HikariPool-1 - Start completed.
2025-02-12T13:42:58.085-03:00  WARN 107217 --- [spring-app] [           main] org.hibernate.orm.deprecation            : HHH90000025: PostgreSQLDialect does not need to be specified explicitly using 'hibernate.dialect' (remove the property setting and it will be selected by default)
2025-02-12T13:42:58.096-03:00  INFO 107217 --- [spring-app] [           main] org.hibernate.orm.connections.pooling    : HHH10001005: Database info:
	Database JDBC URL [Connecting through datasource 'HikariDataSource (HikariPool-1)']
	Database driver: undefined/unknown
	Database version: 17.2
	Autocommit mode: undefined/unknown
	Isolation level: undefined/unknown
	Minimum pool size: undefined/unknown
	Maximum pool size: undefined/unknown
2025-02-12T13:42:58.575-03:00  INFO 107217 --- [spring-app] [           main] o.h.e.t.j.p.i.JtaPlatformInitiator       : HHH000489: No JTA platform available (set 'hibernate.transaction.jta.platform' to enable JTA platform integration)
Hibernate: create table contato (contato_id bigint generated by default as identity, contato_celular varchar(11), contato_dh_cad timestamp(6), contato_email varchar(255) not null, contato_nome varchar(100) not null, contato_sn_ativo CHAR(1) DEFAULT 'S', contato_sn_favorito CHAR(1) DEFAULT 'N', contato_telefone varchar(10), primary key (contato_id))
Hibernate: create table tb_users (id bigint generated by default as identity, password varchar(255), role varchar(255), username varchar(255), primary key (id))
Hibernate: alter table if exists contato drop constraint if exists UKjd9y8ax9jr634y6wkvc0lhlow
2025-02-12T13:42:58.609-03:00  WARN 107217 --- [spring-app] [           main] o.h.engine.jdbc.spi.SqlExceptionHelper   : SQL Warning Code: 0, SQLState: 00000
2025-02-12T13:42:58.609-03:00  WARN 107217 --- [spring-app] [           main] o.h.engine.jdbc.spi.SqlExceptionHelper   : constraint "ukjd9y8ax9jr634y6wkvc0lhlow" of relation "contato" does not exist, skipping
Hibernate: alter table if exists contato add constraint UKjd9y8ax9jr634y6wkvc0lhlow unique (contato_email)
2025-02-12T13:42:58.612-03:00  INFO 107217 --- [spring-app] [           main] j.LocalContainerEntityManagerFactoryBean : Initialized JPA EntityManagerFactory for persistence unit 'default'
Hibernate: select u1_0.id,u1_0.password,u1_0.role,u1_0.username from tb_users u1_0 where u1_0.username=?
Hibernate: insert into tb_users (password,role,username) values (?,?,?)
2025-02-12T13:42:59.068-03:00  WARN 107217 --- [spring-app] [           main] JpaBaseConfiguration$JpaWebConfiguration : spring.jpa.open-in-view is enabled by default. Therefore, database queries may be performed during view rendering. Explicitly configure spring.jpa.open-in-view to disable this warning
2025-02-12T13:42:59.145-03:00  WARN 107217 --- [spring-app] [           main] .s.s.UserDetailsServiceAutoConfiguration : 

Using generated security password: 9480def2-6010-4e5d-a068-122b50854671

This generated password is for development use only. Your security configuration must be updated before running your application in production.

2025-02-12T13:42:59.152-03:00  INFO 107217 --- [spring-app] [           main] r$InitializeUserDetailsManagerConfigurer : Global AuthenticationManager configured with UserDetailsService bean with name inMemoryUserDetailsManager
2025-02-12T13:42:59.717-03:00  INFO 107217 --- [spring-app] [           main] o.s.b.t.m.w.SpringBootMockServletContext : Initializing Spring TestDispatcherServlet ''
2025-02-12T13:42:59.717-03:00  INFO 107217 --- [spring-app] [           main] o.s.t.web.servlet.TestDispatcherServlet  : Initializing Servlet ''
2025-02-12T13:42:59.719-03:00  INFO 107217 --- [spring-app] [           main] o.s.t.web.servlet.TestDispatcherServlet  : Completed initialization in 2 ms
2025-02-12T13:42:59.745-03:00  INFO 107217 --- [spring-app] [           main] c.n.s.controller.ContatoControllerTest   : Started ContatoControllerTest in 2.974 seconds (process running for 5.577)
Hibernate: select u1_0.id,u1_0.password,u1_0.role,u1_0.username from tb_users u1_0
Hibernate: delete from tb_users where id=?
Hibernate: insert into tb_users (password,role,username) values (?,?,?)
Hibernate: select u1_0.id,u1_0.password,u1_0.role,u1_0.username from tb_users u1_0 where u1_0.username=?
Hibernate: select u1_0.id,u1_0.password,u1_0.role,u1_0.username from tb_users u1_0 where u1_0.username=?
Hibernate: select u1_0.id,u1_0.password,u1_0.role,u1_0.username from tb_users u1_0 where u1_0.username=?
Hibernate: insert into contato (contato_celular,contato_dh_cad,contato_email,contato_nome,contato_sn_ativo,contato_sn_favorito,contato_telefone) values (?,?,?,?,?,?,?)
Hibernate: select u1_0.id,u1_0.password,u1_0.role,u1_0.username from tb_users u1_0 where u1_0.username=?
Hibernate: select u1_0.id,u1_0.password,u1_0.role,u1_0.username from tb_users u1_0 where u1_0.username=?
Hibernate: select c1_0.contato_id,c1_0.contato_celular,c1_0.contato_dh_cad,c1_0.contato_email,c1_0.contato_nome,c1_0.contato_sn_ativo,c1_0.contato_sn_favorito,c1_0.contato_telefone from contato c1_0 where c1_0.contato_id=?
Hibernate: delete from contato where contato_id=?
]]></system-out>
  </testcase>
  <testcase name="testGetContatoById" classname="com.noxtec.spring_app.controller.ContatoControllerTest" time="0.131">
    <system-out><![CDATA[Hibernate: select u1_0.id,u1_0.password,u1_0.role,u1_0.username from tb_users u1_0
Hibernate: delete from tb_users where id=?
Hibernate: insert into tb_users (password,role,username) values (?,?,?)
Hibernate: select u1_0.id,u1_0.password,u1_0.role,u1_0.username from tb_users u1_0 where u1_0.username=?
Hibernate: select u1_0.id,u1_0.password,u1_0.role,u1_0.username from tb_users u1_0 where u1_0.username=?
Hibernate: select u1_0.id,u1_0.password,u1_0.role,u1_0.username from tb_users u1_0 where u1_0.username=?
Hibernate: insert into contato (contato_celular,contato_dh_cad,contato_email,contato_nome,contato_sn_ativo,contato_sn_favorito,contato_telefone) values (?,?,?,?,?,?,?)
Hibernate: select u1_0.id,u1_0.password,u1_0.role,u1_0.username from tb_users u1_0 where u1_0.username=?
Hibernate: select u1_0.id,u1_0.password,u1_0.role,u1_0.username from tb_users u1_0 where u1_0.username=?
Hibernate: select c1_0.contato_id,c1_0.contato_celular,c1_0.contato_dh_cad,c1_0.contato_email,c1_0.contato_nome,c1_0.contato_sn_ativo,c1_0.contato_sn_favorito,c1_0.contato_telefone from contato c1_0 where c1_0.contato_id=?
]]></system-out>
  </testcase>
  <testcase name="testSearchByContatoEmail" classname="com.noxtec.spring_app.controller.ContatoControllerTest" time="0.095">
    <system-out><![CDATA[Hibernate: select u1_0.id,u1_0.password,u1_0.role,u1_0.username from tb_users u1_0
Hibernate: delete from tb_users where id=?
Hibernate: insert into tb_users (password,role,username) values (?,?,?)
Hibernate: select u1_0.id,u1_0.password,u1_0.role,u1_0.username from tb_users u1_0 where u1_0.username=?
Hibernate: insert into contato (contato_celular,contato_dh_cad,contato_email,contato_nome,contato_sn_ativo,contato_sn_favorito,contato_telefone) values (?,?,?,?,?,?,?)
Hibernate: select u1_0.id,u1_0.password,u1_0.role,u1_0.username from tb_users u1_0 where u1_0.username=?
Hibernate: select u1_0.id,u1_0.password,u1_0.role,u1_0.username from tb_users u1_0 where u1_0.username=?
Hibernate: select c1_0.contato_id,c1_0.contato_celular,c1_0.contato_dh_cad,c1_0.contato_email,c1_0.contato_nome,c1_0.contato_sn_ativo,c1_0.contato_sn_favorito,c1_0.contato_telefone from contato c1_0 where c1_0.contato_email=?
]]></system-out>
  </testcase>
  <testcase name="testPutContato" classname="com.noxtec.spring_app.controller.ContatoControllerTest" time="0.108">
    <system-out><![CDATA[Hibernate: select u1_0.id,u1_0.password,u1_0.role,u1_0.username from tb_users u1_0
Hibernate: delete from tb_users where id=?
Hibernate: insert into tb_users (password,role,username) values (?,?,?)
Hibernate: select u1_0.id,u1_0.password,u1_0.role,u1_0.username from tb_users u1_0 where u1_0.username=?
Hibernate: select u1_0.id,u1_0.password,u1_0.role,u1_0.username from tb_users u1_0 where u1_0.username=?
Hibernate: select u1_0.id,u1_0.password,u1_0.role,u1_0.username from tb_users u1_0 where u1_0.username=?
Hibernate: insert into contato (contato_celular,contato_dh_cad,contato_email,contato_nome,contato_sn_ativo,contato_sn_favorito,contato_telefone) values (?,?,?,?,?,?,?)
Hibernate: select u1_0.id,u1_0.password,u1_0.role,u1_0.username from tb_users u1_0 where u1_0.username=?
Hibernate: select u1_0.id,u1_0.password,u1_0.role,u1_0.username from tb_users u1_0 where u1_0.username=?
Hibernate: select c1_0.contato_id,c1_0.contato_celular,c1_0.contato_dh_cad,c1_0.contato_email,c1_0.contato_nome,c1_0.contato_sn_ativo,c1_0.contato_sn_favorito,c1_0.contato_telefone from contato c1_0 where c1_0.contato_id=?
Hibernate: update contato set contato_celular=?,contato_dh_cad=?,contato_email=?,contato_nome=?,contato_sn_ativo=?,contato_sn_favorito=?,contato_telefone=? where contato_id=?
]]></system-out>
  </testcase>
  <testcase name="getContatosTest" classname="com.noxtec.spring_app.controller.ContatoControllerTest" time="0.089">
    <system-out><![CDATA[Hibernate: select u1_0.id,u1_0.password,u1_0.role,u1_0.username from tb_users u1_0
Hibernate: delete from tb_users where id=?
Hibernate: insert into tb_users (password,role,username) values (?,?,?)
Hibernate: select u1_0.id,u1_0.password,u1_0.role,u1_0.username from tb_users u1_0 where u1_0.username=?
Hibernate: select u1_0.id,u1_0.password,u1_0.role,u1_0.username from tb_users u1_0 where u1_0.username=?
Hibernate: select u1_0.id,u1_0.password,u1_0.role,u1_0.username from tb_users u1_0 where u1_0.username=?
Hibernate: select c1_0.contato_id,c1_0.contato_celular,c1_0.contato_dh_cad,c1_0.contato_email,c1_0.contato_nome,c1_0.contato_sn_ativo,c1_0.contato_sn_favorito,c1_0.contato_telefone from contato c1_0 offset ? rows fetch first ? rows only
]]></system-out>
  </testcase>
  <testcase name="testContainerIsRunning" classname="com.noxtec.spring_app.controller.ContatoControllerTest" time="0.079">
    <system-out><![CDATA[Hibernate: select u1_0.id,u1_0.password,u1_0.role,u1_0.username from tb_users u1_0
Hibernate: delete from tb_users where id=?
Hibernate: insert into tb_users (password,role,username) values (?,?,?)
Hibernate: select u1_0.id,u1_0.password,u1_0.role,u1_0.username from tb_users u1_0 where u1_0.username=?
]]></system-out>
  </testcase>
  <testcase name="testPostContato" classname="com.noxtec.spring_app.controller.ContatoControllerTest" time="0.075">
    <system-out><![CDATA[Hibernate: select u1_0.id,u1_0.password,u1_0.role,u1_0.username from tb_users u1_0
Hibernate: delete from tb_users where id=?
Hibernate: insert into tb_users (password,role,username) values (?,?,?)
Hibernate: select u1_0.id,u1_0.password,u1_0.role,u1_0.username from tb_users u1_0 where u1_0.username=?
Hibernate: select u1_0.id,u1_0.password,u1_0.role,u1_0.username from tb_users u1_0 where u1_0.username=?
Hibernate: select u1_0.id,u1_0.password,u1_0.role,u1_0.username from tb_users u1_0 where u1_0.username=?
Hibernate: insert into contato (contato_celular,contato_dh_cad,contato_email,contato_nome,contato_sn_ativo,contato_sn_favorito,contato_telefone) values (?,?,?,?,?,?,?)
]]></system-out>
  </testcase>
</testsuite>